2023-05-14 19:45:49,950 p=2742 u=ec2-user n=ansible | [WARNING]: No inventory was parsed, only implicit localhost is available

2023-05-14 19:45:49,976 p=2742 u=ec2-user n=ansible | [WARNING]: Could not match supplied host pattern, ignoring: qaserver

2023-05-14 19:49:48,215 p=2754 u=ec2-user n=ansible | [WARNING]: No inventory was parsed, only implicit localhost is available

2023-05-14 19:49:48,219 p=2754 u=ec2-user n=ansible | [WARNING]: Could not match supplied host pattern, ignoring: qaserver

2023-05-14 19:58:35,989 p=2793 u=ec2-user n=ansible | [WARNING]: Unable to parse /home/ec2-user/inventory yml as an inventory source

2023-05-14 19:58:35,989 p=2793 u=ec2-user n=ansible | [WARNING]: No inventory was parsed, only implicit localhost is available

2023-05-14 19:58:35,993 p=2793 u=ec2-user n=ansible | [WARNING]: Could not match supplied host pattern, ignoring: qaserver

2023-05-14 20:03:23,852 p=2826 u=ec2-user n=ansible | [WARNING]: Unable to parse /home/ec2-user/inv.yml as an inventory source

2023-05-14 20:03:23,852 p=2826 u=ec2-user n=ansible | [WARNING]: No inventory was parsed, only implicit localhost is available

2023-05-14 20:03:23,857 p=2826 u=ec2-user n=ansible | [WARNING]: Could not match supplied host pattern, ignoring: qaserver

2023-05-14 20:05:44,611 p=2837 u=ec2-user n=ansible | [WARNING]: Unable to parse /home/ec2-user/inv.yml as an inventory source

2023-05-14 20:05:44,612 p=2837 u=ec2-user n=ansible | [WARNING]: No inventory was parsed, only implicit localhost is available

2023-05-14 20:05:44,625 p=2837 u=ec2-user n=ansible | [WARNING]: Could not match supplied host pattern, ignoring: qaserver

2023-05-14 20:06:17,012 p=2845 u=ec2-user n=ansible | [WARNING]: Unable to parse /home/ec2-user/inventory.yml as an inventory source

2023-05-14 20:06:17,012 p=2845 u=ec2-user n=ansible | [WARNING]: No inventory was parsed, only implicit localhost is available

2023-05-14 20:06:17,021 p=2845 u=ec2-user n=ansible | [WARNING]: Could not match supplied host pattern, ignoring: qaserver

2023-05-14 20:19:05,703 p=2937 u=ec2-user n=ansible | [WARNING]: Unable to parse /home/ec2-user/inventory.yml as an inventory source

2023-05-14 20:19:05,704 p=2937 u=ec2-user n=ansible | [WARNING]: No inventory was parsed, only implicit localhost is available

2023-05-14 20:19:05,708 p=2937 u=ec2-user n=ansible | [WARNING]: Could not match supplied host pattern, ignoring: qaserver

2023-05-14 20:23:31,267 p=2959 u=ec2-user n=ansible | [WARNING]: Unable to parse /home/ec2-user/inventory.yml as an inventory source

2023-05-14 20:23:31,267 p=2959 u=ec2-user n=ansible | [WARNING]: No inventory was parsed, only implicit localhost is available

2023-05-14 20:23:31,271 p=2959 u=ec2-user n=ansible | [WARNING]: Could not match supplied host pattern, ignoring: qaserver

2023-05-14 20:31:35,130 p=2985 u=ec2-user n=ansible | [WARNING]: Unable to parse /home/ec2-user/inventory yml as an inventory source

2023-05-14 20:31:35,130 p=2985 u=ec2-user n=ansible | [WARNING]: No inventory was parsed, only implicit localhost is available

2023-05-14 20:31:35,134 p=2985 u=ec2-user n=ansible | [WARNING]: Could not match supplied host pattern, ignoring: qaserver

2023-05-14 20:32:53,658 p=2994 u=ec2-user n=ansible | [WARNING]: Unable to parse /home/ec2-user/inventory yml as an inventory source

2023-05-14 20:32:53,658 p=2994 u=ec2-user n=ansible | [WARNING]: No inventory was parsed, only implicit localhost is available

2023-05-14 20:32:53,662 p=2994 u=ec2-user n=ansible | [WARNING]: Could not match supplied host pattern, ignoring: qaserver

2023-05-14 21:10:12,181 p=3229 u=ec2-user n=ansible | [WARNING]: Unable to parse /home/ec2-user/inventory yml as an inventory source

2023-05-14 21:10:12,182 p=3229 u=ec2-user n=ansible | [WARNING]: No inventory was parsed, only implicit localhost is available

2023-05-14 21:10:12,186 p=3229 u=ec2-user n=ansible | [WARNING]: Could not match supplied host pattern, ignoring: qaserver

2023-05-14 21:31:56,322 p=3291 u=ec2-user n=ansible | 3.237.254.214 | SUCCESS => {
    "ansible_facts": {
        "discovered_interpreter_python": "/usr/bin/python"
    },
    "changed": false,
    "ping": "pong"
}
2023-05-14 21:34:55,852 p=3366 u=ec2-user n=ansible | 44.203.159.239 | SUCCESS => {
    "ansible_facts": {
        "discovered_interpreter_python": "/usr/bin/python"
    },
    "changed": false,
    "ping": "pong"
}
2023-05-14 21:44:00,428 p=3407 u=ec2-user n=ansible | 44.203.159.239 | SUCCESS => {
    "ansible_facts": {
        "discovered_interpreter_python": "/usr/bin/python"
    },
    "changed": false,
    "ping": "pong"
}
2023-05-14 21:44:00,445 p=3407 u=ec2-user n=ansible | 3.237.254.214 | SUCCESS => {
    "ansible_facts": {
        "discovered_interpreter_python": "/usr/bin/python"
    },
    "changed": false,
    "ping": "pong"
}
2023-05-18 18:20:53,188 p=2498 u=ec2-user n=ansible | 3.85.56.80 | SUCCESS => {
    "ansible_facts": {
        "discovered_interpreter_python": "/usr/bin/python"
    },
    "changed": false,
    "ping": "pong"
}
2023-05-18 18:20:53,194 p=2498 u=ec2-user n=ansible | 3.239.35.85 | SUCCESS => {
    "ansible_facts": {
        "discovered_interpreter_python": "/usr/bin/python"
    },
    "changed": false,
    "ping": "pong"
}
2023-05-18 18:23:50,753 p=2539 u=ec2-user n=ansible | [WARNING]: Could not match supplied host pattern, ignoring: webserver

2023-05-18 18:23:50,754 p=2539 u=ec2-user n=ansible | [WARNING]: No hosts matched, nothing to do

2023-05-18 18:26:17,960 p=2547 u=ec2-user n=ansible | 3.85.56.80 | CHANGED | rc=0 >>
Thu May 18 18:26:17 UTC 2023

2023-05-18 18:26:17,986 p=2547 u=ec2-user n=ansible | 3.239.35.85 | CHANGED | rc=0 >>
Thu May 18 18:26:17 UTC 2023

2023-05-18 18:26:38,271 p=2584 u=ec2-user n=ansible | 3.239.35.85 | CHANGED | rc=0 >>
              total        used        free      shared  buff/cache   available
Mem:           1942         100        1344           0         497        1693
Swap:             0           0           0

2023-05-18 18:26:38,346 p=2584 u=ec2-user n=ansible | 3.85.56.80 | CHANGED | rc=0 >>
              total        used        free      shared  buff/cache   available
Mem:            944          88         374           0         480         717
Swap:             0           0           0

2023-05-18 18:26:54,665 p=2614 u=ec2-user n=ansible | 3.85.56.80 | CHANGED | rc=0 >>
4.14.313-235.533.amzn2.x86_64

2023-05-18 18:26:54,682 p=2614 u=ec2-user n=ansible | 3.239.35.85 | CHANGED | rc=0 >>
4.14.313-235.533.amzn2.x86_64

2023-05-18 18:27:08,735 p=2644 u=ec2-user n=ansible | 3.239.35.85 | CHANGED | rc=0 >>
2

2023-05-18 18:27:08,836 p=2644 u=ec2-user n=ansible | 3.85.56.80 | CHANGED | rc=0 >>
2

2023-05-18 18:28:04,424 p=2676 u=ec2-user n=ansible | 3.85.56.80 | CHANGED | rc=0 >>
ip-172-31-91-77.ec2.internal

2023-05-18 18:28:04,494 p=2676 u=ec2-user n=ansible | 3.239.35.85 | CHANGED | rc=0 >>
ip-172-31-14-50.ec2.internal

2023-05-18 18:28:56,982 p=2707 u=ec2-user n=ansible | 3.239.35.85 | CHANGED | rc=0 >>
ip-172-31-14-50.ec2.internal

2023-05-18 18:29:08,816 p=2725 u=ec2-user n=ansible | 3.85.56.80 | CHANGED | rc=0 >>
ip-172-31-91-77.ec2.internal

2023-05-18 18:30:53,261 p=2754 u=ec2-user n=ansible | 3.85.56.80 | CHANGED | rc=0 >>
ip-172-31-91-77.ec2.internal

2023-05-18 18:31:33,820 p=2776 u=ec2-user n=ansible | 3.239.35.85 | CHANGED | rc=0 >>
ip-172-31-14-50.ec2.internal

2023-05-18 18:32:41,317 p=2798 u=ec2-user n=ansible | 3.85.56.80 | CHANGED | rc=0 >>
ip-172-31-91-77.ec2.internal

2023-05-18 18:37:32,665 p=2824 u=ec2-user n=ansible | 3.239.35.85 | CHANGED => {
    "ansible_facts": {
        "discovered_interpreter_python": "/usr/bin/python"
    },
    "changed": true,
    "dest": "/home/ec2-user/test",
    "gid": 1000,
    "group": "ec2-user",
    "mode": "0664",
    "owner": "ec2-user",
    "size": 0,
    "state": "file",
    "uid": 1000
}
2023-05-18 18:47:35,952 p=2915 u=ec2-user n=ansible | 3.85.56.80 | CHANGED => {
    "ansible_facts": {
        "discovered_interpreter_python": "/usr/bin/python"
    },
    "changed": true,
    "gid": 1000,
    "group": "ec2-user",
    "mode": "0775",
    "owner": "ec2-user",
    "path": "/home/ec2-user/test",
    "size": 6,
    "state": "directory",
    "uid": 1000
}
2023-05-19 02:54:33,021 p=5184 u=ec2-user n=ansible | playbook: play.yml
2023-05-19 02:55:38,147 p=5191 u=ec2-user n=ansible | PLAY [devserver] ***********************************************************************************************
2023-05-19 02:55:38,163 p=5191 u=ec2-user n=ansible | TASK [Gathering Facts] *****************************************************************************************
2023-05-19 02:55:41,166 p=5191 u=ec2-user n=ansible | ok: [3.85.56.80]
2023-05-19 02:55:41,220 p=5191 u=ec2-user n=ansible | TASK [Creating user] *******************************************************************************************
2023-05-19 02:55:42,241 p=5191 u=ec2-user n=ansible | changed: [3.85.56.80]
2023-05-19 02:55:42,266 p=5191 u=ec2-user n=ansible | PLAY RECAP *****************************************************************************************************
2023-05-19 02:55:42,266 p=5191 u=ec2-user n=ansible | 3.85.56.80                 : ok=2    changed=1    unreachable=0    failed=0    skipped=0    rescued=0    ignored=0   
2023-05-19 03:06:41,290 p=5307 u=ec2-user n=ansible | PLAY [devserver] ***********************************************************************************************
2023-05-19 03:06:41,305 p=5307 u=ec2-user n=ansible | TASK [Gathering Facts] *****************************************************************************************
2023-05-19 03:06:43,549 p=5307 u=ec2-user n=ansible | ok: [3.85.56.80]
2023-05-19 03:06:43,584 p=5307 u=ec2-user n=ansible | TASK [Creating user] *******************************************************************************************
2023-05-19 03:06:44,316 p=5307 u=ec2-user n=ansible | ok: [3.85.56.80]
2023-05-19 03:06:44,343 p=5307 u=ec2-user n=ansible | PLAY RECAP *****************************************************************************************************
2023-05-19 03:06:44,343 p=5307 u=ec2-user n=ansible | 3.85.56.80                 : ok=2    changed=0    unreachable=0    failed=0    skipped=0    rescued=0    ignored=0   
2023-05-19 03:07:51,613 p=5338 u=ec2-user n=ansible | 3.239.35.85 | SUCCESS => {
    "ansible_facts": {
        "ansible_all_ipv4_addresses": [
            "172.31.14.50"
        ],
        "ansible_all_ipv6_addresses": [
            "fe80::d7:66ff:fe78:f75d"
        ],
        "ansible_apparmor": {
            "status": "disabled"
        },
        "ansible_architecture": "x86_64",
        "ansible_bios_date": "10/16/2017",
        "ansible_bios_vendor": "Amazon EC2",
        "ansible_bios_version": "1.0",
        "ansible_board_asset_tag": "i-076496ae4874490fc",
        "ansible_board_name": "NA",
        "ansible_board_serial": "NA",
        "ansible_board_vendor": "Amazon EC2",
        "ansible_board_version": "NA",
        "ansible_chassis_asset_tag": "Amazon EC2",
        "ansible_chassis_serial": "NA",
        "ansible_chassis_vendor": "Amazon EC2",
        "ansible_chassis_version": "NA",
        "ansible_cmdline": {
            "BOOT_IMAGE": "/boot/vmlinuz-4.14.313-235.533.amzn2.x86_64",
            "biosdevname": "0",
            "console": "ttyS0,115200n8",
            "net.ifnames": "0",
            "nvme_core.io_timeout": "4294967295",
            "rd.emergency": "poweroff",
            "rd.shell": "0",
            "ro": true,
            "root": "UUID=30d6f3ce-a17d-4caf-ac89-e9f959c387e8"
        },
        "ansible_date_time": {
            "date": "2023-05-19",
            "day": "19",
            "epoch": "1684465671",
            "hour": "03",
            "iso8601": "2023-05-19T03:07:51Z",
            "iso8601_basic": "20230519T030751535420",
            "iso8601_basic_short": "20230519T030751",
            "iso8601_micro": "2023-05-19T03:07:51.535420Z",
            "minute": "07",
            "month": "05",
            "second": "51",
            "time": "03:07:51",
            "tz": "UTC",
            "tz_dst": "UTC",
            "tz_offset": "+0000",
            "weekday": "Friday",
            "weekday_number": "5",
            "weeknumber": "20",
            "year": "2023"
        },
        "ansible_default_ipv4": {
            "address": "172.31.14.50",
            "alias": "eth0",
            "broadcast": "172.31.15.255",
            "gateway": "172.31.0.1",
            "interface": "eth0",
            "macaddress": "02:d7:66:78:f7:5d",
            "mtu": 9001,
            "netmask": "255.255.240.0",
            "network": "172.31.0.0",
            "type": "ether"
        },
        "ansible_default_ipv6": {},
        "ansible_device_links": {
            "ids": {
                "nvme0n1": [
                    "nvme-Amazon_Elastic_Block_Store_vol0c2df1e9f9b77fd6e",
                    "nvme-Amazon_Elastic_Block_Store_vol0c2df1e9f9b77fd6e-ns-1",
                    "nvme-nvme.1d0f-766f6c3063326466316539663962373766643665-416d617a6f6e20456c617374696320426c6f636b2053746f7265-00000001"
                ],
                "nvme0n1p1": [
                    "nvme-Amazon_Elastic_Block_Store_vol0c2df1e9f9b77fd6e-ns-1-part1",
                    "nvme-Amazon_Elastic_Block_Store_vol0c2df1e9f9b77fd6e-part1",
                    "nvme-nvme.1d0f-766f6c3063326466316539663962373766643665-416d617a6f6e20456c617374696320426c6f636b2053746f7265-00000001-part1"
                ],
                "nvme0n1p128": [
                    "nvme-Amazon_Elastic_Block_Store_vol0c2df1e9f9b77fd6e-ns-1-part128",
                    "nvme-Amazon_Elastic_Block_Store_vol0c2df1e9f9b77fd6e-part128",
                    "nvme-nvme.1d0f-766f6c3063326466316539663962373766643665-416d617a6f6e20456c617374696320426c6f636b2053746f7265-00000001-part128"
                ]
            },
            "labels": {
                "nvme0n1p1": [
                    "\\x2f"
                ]
            },
            "masters": {},
            "uuids": {
                "nvme0n1p1": [
                    "30d6f3ce-a17d-4caf-ac89-e9f959c387e8"
                ]
            }
        },
        "ansible_devices": {
            "nvme0n1": {
                "holders": [],
                "host": "Non-Volatile memory controller: Amazon.com, Inc. Device 8061",
                "links": {
                    "ids": [
                        "nvme-Amazon_Elastic_Block_Store_vol0c2df1e9f9b77fd6e",
                        "nvme-Amazon_Elastic_Block_Store_vol0c2df1e9f9b77fd6e-ns-1",
                        "nvme-nvme.1d0f-766f6c3063326466316539663962373766643665-416d617a6f6e20456c617374696320426c6f636b2053746f7265-00000001"
                    ],
                    "labels": [],
                    "masters": [],
                    "uuids": []
                },
                "model": "Amazon Elastic Block Store",
                "partitions": {
                    "nvme0n1p1": {
                        "holders": [],
                        "links": {
                            "ids": [
                                "nvme-Amazon_Elastic_Block_Store_vol0c2df1e9f9b77fd6e-ns-1-part1",
                                "nvme-Amazon_Elastic_Block_Store_vol0c2df1e9f9b77fd6e-part1",
                                "nvme-nvme.1d0f-766f6c3063326466316539663962373766643665-416d617a6f6e20456c617374696320426c6f636b2053746f7265-00000001-part1"
                            ],
                            "labels": [
                                "\\x2f"
                            ],
                            "masters": [],
                            "uuids": [
                                "30d6f3ce-a17d-4caf-ac89-e9f959c387e8"
                            ]
                        },
                        "sectors": "16773087",
                        "sectorsize": 512,
                        "size": "8.00 GB",
                        "start": "4096",
                        "uuid": "30d6f3ce-a17d-4caf-ac89-e9f959c387e8"
                    },
                    "nvme0n1p128": {
                        "holders": [],
                        "links": {
                            "ids": [
                                "nvme-Amazon_Elastic_Block_Store_vol0c2df1e9f9b77fd6e-ns-1-part128",
                                "nvme-Amazon_Elastic_Block_Store_vol0c2df1e9f9b77fd6e-part128",
                                "nvme-nvme.1d0f-766f6c3063326466316539663962373766643665-416d617a6f6e20456c617374696320426c6f636b2053746f7265-00000001-part128"
                            ],
                            "labels": [],
                            "masters": [],
                            "uuids": []
                        },
                        "sectors": "2048",
                        "sectorsize": 512,
                        "size": "1.00 MB",
                        "start": "2048",
                        "uuid": null
                    }
                },
                "removable": "0",
                "rotational": "0",
                "sas_address": null,
                "sas_device_handle": null,
                "scheduler_mode": "none",
                "sectors": "16777216",
                "sectorsize": "512",
                "serial": "vol0c2df1e9f9b77fd6e",
                "size": "8.00 GB",
                "support_discard": "0",
                "vendor": null,
                "virtual": 1
            }
        },
        "ansible_distribution": "Amazon",
        "ansible_distribution_file_parsed": true,
        "ansible_distribution_file_path": "/etc/os-release",
        "ansible_distribution_file_variety": "Amazon",
        "ansible_distribution_major_version": "2",
        "ansible_distribution_minor_version": "NA",
        "ansible_distribution_release": "NA",
        "ansible_distribution_version": "2",
        "ansible_dns": {
            "nameservers": [
                "172.31.0.2"
            ],
            "options": {
                "attempts": "5",
                "timeout": "2"
            },
            "search": [
                "ec2.internal"
            ]
        },
        "ansible_domain": "ec2.internal",
        "ansible_effective_group_id": 1000,
        "ansible_effective_user_id": 1000,
        "ansible_env": {
            "HOME": "/home/ec2-user",
            "LANG": "en_US.UTF-8",
            "LESSOPEN": "||/usr/bin/lesspipe.sh %s",
            "LOGNAME": "ec2-user",
            "LS_COLORS": "rs=0:di=38;5;27:ln=38;5;51:mh=44;38;5;15:pi=40;38;5;11:so=38;5;13:do=38;5;5:bd=48;5;232;38;5;11:cd=48;5;232;38;5;3:or=48;5;232;38;5;9:mi=05;48;5;232;38;5;15:su=48;5;196;38;5;15:sg=48;5;11;38;5;16:ca=48;5;196;38;5;226:tw=48;5;10;38;5;16:ow=48;5;10;38;5;21:st=48;5;21;38;5;15:ex=38;5;34:*.tar=38;5;9:*.tgz=38;5;9:*.arc=38;5;9:*.arj=38;5;9:*.taz=38;5;9:*.lha=38;5;9:*.lz4=38;5;9:*.lzh=38;5;9:*.lzma=38;5;9:*.tlz=38;5;9:*.txz=38;5;9:*.tzo=38;5;9:*.t7z=38;5;9:*.zip=38;5;9:*.z=38;5;9:*.Z=38;5;9:*.dz=38;5;9:*.gz=38;5;9:*.lrz=38;5;9:*.lz=38;5;9:*.lzo=38;5;9:*.xz=38;5;9:*.bz2=38;5;9:*.bz=38;5;9:*.tbz=38;5;9:*.tbz2=38;5;9:*.tz=38;5;9:*.deb=38;5;9:*.rpm=38;5;9:*.jar=38;5;9:*.war=38;5;9:*.ear=38;5;9:*.sar=38;5;9:*.rar=38;5;9:*.alz=38;5;9:*.ace=38;5;9:*.zoo=38;5;9:*.cpio=38;5;9:*.7z=38;5;9:*.rz=38;5;9:*.cab=38;5;9:*.jpg=38;5;13:*.jpeg=38;5;13:*.gif=38;5;13:*.bmp=38;5;13:*.pbm=38;5;13:*.pgm=38;5;13:*.ppm=38;5;13:*.tga=38;5;13:*.xbm=38;5;13:*.xpm=38;5;13:*.tif=38;5;13:*.tiff=38;5;13:*.png=38;5;13:*.svg=38;5;13:*.svgz=38;5;13:*.mng=38;5;13:*.pcx=38;5;13:*.mov=38;5;13:*.mpg=38;5;13:*.mpeg=38;5;13:*.m2v=38;5;13:*.mkv=38;5;13:*.webm=38;5;13:*.ogm=38;5;13:*.mp4=38;5;13:*.m4v=38;5;13:*.mp4v=38;5;13:*.vob=38;5;13:*.qt=38;5;13:*.nuv=38;5;13:*.wmv=38;5;13:*.asf=38;5;13:*.rm=38;5;13:*.rmvb=38;5;13:*.flc=38;5;13:*.avi=38;5;13:*.fli=38;5;13:*.flv=38;5;13:*.gl=38;5;13:*.dl=38;5;13:*.xcf=38;5;13:*.xwd=38;5;13:*.yuv=38;5;13:*.cgm=38;5;13:*.emf=38;5;13:*.axv=38;5;13:*.anx=38;5;13:*.ogv=38;5;13:*.ogx=38;5;13:*.aac=38;5;45:*.au=38;5;45:*.flac=38;5;45:*.mid=38;5;45:*.midi=38;5;45:*.mka=38;5;45:*.mp3=38;5;45:*.mpc=38;5;45:*.ogg=38;5;45:*.ra=38;5;45:*.wav=38;5;45:*.axa=38;5;45:*.oga=38;5;45:*.spx=38;5;45:*.xspf=38;5;45:",
            "MAIL": "/var/mail/ec2-user",
            "PATH": "/usr/local/bin:/usr/bin",
            "PWD": "/home/ec2-user",
            "SHELL": "/bin/bash",
            "SHLVL": "2",
            "SSH_CLIENT": "54.86.94.215 44188 22",
            "SSH_CONNECTION": "54.86.94.215 44188 172.31.14.50 22",
            "SSH_TTY": "/dev/pts/2",
            "TERM": "xterm-256color",
            "USER": "ec2-user",
            "XDG_RUNTIME_DIR": "/run/user/1000",
            "XDG_SESSION_ID": "75",
            "_": "/usr/bin/python"
        },
        "ansible_eth0": {
            "active": true,
            "device": "eth0",
            "features": {
                "esp_hw_offload": "off [fixed]",
                "esp_tx_csum_hw_offload": "off [fixed]",
                "fcoe_mtu": "off [fixed]",
                "generic_receive_offload": "on",
                "generic_segmentation_offload": "on",
                "highdma": "on",
                "hw_tc_offload": "off [fixed]",
                "l2_fwd_offload": "off [fixed]",
                "large_receive_offload": "off [fixed]",
                "loopback": "off [fixed]",
                "netns_local": "off [fixed]",
                "ntuple_filters": "off [fixed]",
                "receive_hashing": "on",
                "rx_all": "off [fixed]",
                "rx_checksumming": "off [fixed]",
                "rx_fcs": "off [fixed]",
                "rx_udp_tunnel_port_offload": "off [fixed]",
                "rx_vlan_filter": "off [fixed]",
                "rx_vlan_offload": "off [fixed]",
                "rx_vlan_stag_filter": "off [fixed]",
                "rx_vlan_stag_hw_parse": "off [fixed]",
                "scatter_gather": "on",
                "tcp_segmentation_offload": "off",
                "tx_checksum_fcoe_crc": "off [fixed]",
                "tx_checksum_ip_generic": "off [fixed]",
                "tx_checksum_ipv4": "on",
                "tx_checksum_ipv6": "off [fixed]",
                "tx_checksum_sctp": "off [fixed]",
                "tx_checksumming": "on",
                "tx_esp_segmentation": "off [fixed]",
                "tx_fcoe_segmentation": "off [fixed]",
                "tx_gre_csum_segmentation": "off [fixed]",
                "tx_gre_segmentation": "off [fixed]",
                "tx_gso_partial": "off [fixed]",
                "tx_gso_robust": "off [fixed]",
                "tx_ipxip4_segmentation": "off [fixed]",
                "tx_ipxip6_segmentation": "off [fixed]",
                "tx_lockless": "off [fixed]",
                "tx_nocache_copy": "off",
                "tx_scatter_gather": "on",
                "tx_scatter_gather_fraglist": "off [fixed]",
                "tx_sctp_segmentation": "off [fixed]",
                "tx_tcp6_segmentation": "off [fixed]",
                "tx_tcp_ecn_segmentation": "off [fixed]",
                "tx_tcp_mangleid_segmentation": "off [fixed]",
                "tx_tcp_segmentation": "off [fixed]",
                "tx_udp_tnl_csum_segmentation": "off [fixed]",
                "tx_udp_tnl_segmentation": "off [fixed]",
                "tx_vlan_offload": "off [fixed]",
                "tx_vlan_stag_hw_insert": "off [fixed]",
                "udp_fragmentation_offload": "off",
                "vlan_challenged": "off [fixed]"
            },
            "hw_timestamp_filters": [],
            "ipv4": {
                "address": "172.31.14.50",
                "broadcast": "172.31.15.255",
                "netmask": "255.255.240.0",
                "network": "172.31.0.0"
            },
            "ipv6": [
                {
                    "address": "fe80::d7:66ff:fe78:f75d",
                    "prefix": "64",
                    "scope": "link"
                }
            ],
            "macaddress": "02:d7:66:78:f7:5d",
            "module": "ena",
            "mtu": 9001,
            "pciid": "0000:00:05.0",
            "promisc": false,
            "timestamping": [
                "tx_software",
                "rx_software",
                "software"
            ],
            "type": "ether"
        },
        "ansible_fibre_channel_wwn": [],
        "ansible_fips": false,
        "ansible_form_factor": "Other",
        "ansible_fqdn": "ip-172-31-14-50.ec2.internal",
        "ansible_hostname": "ip-172-31-14-50",
        "ansible_hostnqn": "",
        "ansible_interfaces": [
            "lo",
            "eth0"
        ],
        "ansible_is_chroot": true,
        "ansible_iscsi_iqn": "",
        "ansible_kernel": "4.14.313-235.533.amzn2.x86_64",
        "ansible_kernel_version": "#1 SMP Tue Apr 25 15:24:19 UTC 2023",
        "ansible_lo": {
            "active": true,
            "device": "lo",
            "features": {
                "esp_hw_offload": "off [fixed]",
                "esp_tx_csum_hw_offload": "off [fixed]",
                "fcoe_mtu": "off [fixed]",
                "generic_receive_offload": "on",
                "generic_segmentation_offload": "on",
                "highdma": "on [fixed]",
                "hw_tc_offload": "off [fixed]",
                "l2_fwd_offload": "off [fixed]",
                "large_receive_offload": "off [fixed]",
                "loopback": "on [fixed]",
                "netns_local": "on [fixed]",
                "ntuple_filters": "off [fixed]",
                "receive_hashing": "off [fixed]",
                "rx_all": "off [fixed]",
                "rx_checksumming": "on [fixed]",
                "rx_fcs": "off [fixed]",
                "rx_udp_tunnel_port_offload": "off [fixed]",
                "rx_vlan_filter": "off [fixed]",
                "rx_vlan_offload": "off [fixed]",
                "rx_vlan_stag_filter": "off [fixed]",
                "rx_vlan_stag_hw_parse": "off [fixed]",
                "scatter_gather": "on",
                "tcp_segmentation_offload": "on",
                "tx_checksum_fcoe_crc": "off [fixed]",
                "tx_checksum_ip_generic": "on [fixed]",
                "tx_checksum_ipv4": "off [fixed]",
                "tx_checksum_ipv6": "off [fixed]",
                "tx_checksum_sctp": "on [fixed]",
                "tx_checksumming": "on",
                "tx_esp_segmentation": "off [fixed]",
                "tx_fcoe_segmentation": "off [fixed]",
                "tx_gre_csum_segmentation": "off [fixed]",
                "tx_gre_segmentation": "off [fixed]",
                "tx_gso_partial": "off [fixed]",
                "tx_gso_robust": "off [fixed]",
                "tx_ipxip4_segmentation": "off [fixed]",
                "tx_ipxip6_segmentation": "off [fixed]",
                "tx_lockless": "on [fixed]",
                "tx_nocache_copy": "off [fixed]",
                "tx_scatter_gather": "on [fixed]",
                "tx_scatter_gather_fraglist": "on [fixed]",
                "tx_sctp_segmentation": "on",
                "tx_tcp6_segmentation": "on",
                "tx_tcp_ecn_segmentation": "on",
                "tx_tcp_mangleid_segmentation": "on",
                "tx_tcp_segmentation": "on",
                "tx_udp_tnl_csum_segmentation": "off [fixed]",
                "tx_udp_tnl_segmentation": "off [fixed]",
                "tx_vlan_offload": "off [fixed]",
                "tx_vlan_stag_hw_insert": "off [fixed]",
                "udp_fragmentation_offload": "off",
                "vlan_challenged": "on [fixed]"
            },
            "hw_timestamp_filters": [],
            "ipv4": {
                "address": "127.0.0.1",
                "broadcast": "",
                "netmask": "255.0.0.0",
                "network": "127.0.0.0"
            },
            "ipv6": [
                {
                    "address": "::1",
                    "prefix": "128",
                    "scope": "host"
                }
            ],
            "mtu": 65536,
            "promisc": false,
            "timestamping": [
                "tx_software",
                "rx_software",
                "software"
            ],
            "type": "loopback"
        },
        "ansible_local": {},
        "ansible_lsb": {},
        "ansible_machine": "x86_64",
        "ansible_machine_id": "ec2abb31e900e47acc213a43025c6ab8",
        "ansible_memfree_mb": 1328,
        "ansible_memory_mb": {
            "nocache": {
                "free": 1791,
                "used": 151
            },
            "real": {
                "free": 1328,
                "total": 1942,
                "used": 614
            },
            "swap": {
                "cached": 0,
                "free": 0,
                "total": 0,
                "used": 0
            }
        },
        "ansible_memtotal_mb": 1942,
        "ansible_mounts": [
            {
                "block_available": 1695761,
                "block_size": 4096,
                "block_total": 2094075,
                "block_used": 398314,
                "device": "/dev/nvme0n1p1",
                "fstype": "xfs",
                "inode_available": 4145056,
                "inode_total": 4193216,
                "inode_used": 48160,
                "mount": "/",
                "options": "rw,noatime,attr2,inode64,noquota",
                "size_available": 6945837056,
                "size_total": 8577331200,
                "uuid": "30d6f3ce-a17d-4caf-ac89-e9f959c387e8"
            }
        ],
        "ansible_nodename": "ip-172-31-14-50.ec2.internal",
        "ansible_os_family": "RedHat",
        "ansible_pkg_mgr": "yum",
        "ansible_proc_cmdline": {
            "BOOT_IMAGE": "/boot/vmlinuz-4.14.313-235.533.amzn2.x86_64",
            "biosdevname": "0",
            "console": [
                "tty0",
                "ttyS0,115200n8"
            ],
            "net.ifnames": "0",
            "nvme_core.io_timeout": "4294967295",
            "rd.emergency": "poweroff",
            "rd.shell": "0",
            "ro": true,
            "root": "UUID=30d6f3ce-a17d-4caf-ac89-e9f959c387e8"
        },
        "ansible_processor": [
            "0",
            "GenuineIntel",
            "Intel(R) Xeon(R) Platinum 8259CL CPU @ 2.50GHz",
            "1",
            "GenuineIntel",
            "Intel(R) Xeon(R) Platinum 8259CL CPU @ 2.50GHz"
        ],
        "ansible_processor_cores": 1,
        "ansible_processor_count": 1,
        "ansible_processor_nproc": 2,
        "ansible_processor_threads_per_core": 2,
        "ansible_processor_vcpus": 2,
        "ansible_product_name": "t3.small",
        "ansible_product_serial": "NA",
        "ansible_product_uuid": "NA",
        "ansible_product_version": "NA",
        "ansible_python": {
            "executable": "/usr/bin/python",
            "has_sslcontext": true,
            "type": "CPython",
            "version": {
                "major": 2,
                "micro": 18,
                "minor": 7,
                "releaselevel": "final",
                "serial": 0
            },
            "version_info": [
                2,
                7,
                18,
                "final",
                0
            ]
        },
        "ansible_python_version": "2.7.18",
        "ansible_real_group_id": 1000,
        "ansible_real_user_id": 1000,
        "ansible_selinux": {
            "status": "disabled"
        },
        "ansible_selinux_python_present": true,
        "ansible_service_mgr": "systemd",
        "ansible_ssh_host_key_ecdsa_public": "AAAAE2VjZHNhLXNoYTItbmlzdHAyNTYAAAAIbmlzdHAyNTYAAABBBKwq1HTELUmJpc+MN3WU0F/UlZfi4+ohDEnlVE6dlvNoYhOZAlVGr6q//1jdLNEzBzZDhJHh+jQNqwBvgv5dk3Q=",
        "ansible_ssh_host_key_ecdsa_public_keytype": "ecdsa-sha2-nistp256",
        "ansible_ssh_host_key_ed25519_public": "AAAAC3NzaC1lZDI1NTE5AAAAIHl8W5GdpdPUjybAgJSI6FoWfJqMchONUWolZkZ2/cCL",
        "ansible_ssh_host_key_ed25519_public_keytype": "ssh-ed25519",
        "ansible_ssh_host_key_rsa_public": "AAAAB3NzaC1yc2EAAAADAQABAAABAQDHP0oYC1o5TfPdAYpl07rNlXI6Pjt7fQeC9mhc7hctnVFt8pQGSPpXg9OqEz8n0JSThRmDvyhua6oe37kt10qNi0bKlhr1HnVx+rtgANkoeqNGj37KYjlA7bHktyNq4I6BBJqt9CvQ61cl0JJ+lsGEzQXICUXRbu+2NHsdAkVtleK+zBNUZwvU2+5/tynSN5Ji69xuK3DNYaM6U8NP/B8MxQ6B5fUr2Hg/C8zsY4Q5dKnuRuUcn3B2BbuN/onBZM10DmHwE50wA+FNWywRvcez8NcMIlpUbHoD00f0DJZGcXTBUO6KnXCymz3+m792DHjGOW0iRXOjq2L1zlAig3Uv",
        "ansible_ssh_host_key_rsa_public_keytype": "ssh-rsa",
        "ansible_swapfree_mb": 0,
        "ansible_swaptotal_mb": 0,
        "ansible_system": "Linux",
        "ansible_system_capabilities": [
            ""
        ],
        "ansible_system_capabilities_enforced": "True",
        "ansible_system_vendor": "Amazon EC2",
        "ansible_uptime_seconds": 33808,
        "ansible_user_dir": "/home/ec2-user",
        "ansible_user_gecos": "EC2 Default User",
        "ansible_user_gid": 1000,
        "ansible_user_id": "ec2-user",
        "ansible_user_shell": "/bin/bash",
        "ansible_user_uid": 1000,
        "ansible_userspace_architecture": "x86_64",
        "ansible_userspace_bits": "64",
        "ansible_virtualization_role": "guest",
        "ansible_virtualization_tech_guest": [
            "kvm"
        ],
        "ansible_virtualization_tech_host": [],
        "ansible_virtualization_type": "kvm",
        "discovered_interpreter_python": "/usr/bin/python",
        "gather_subset": [
            "all"
        ],
        "module_setup": true
    },
    "changed": false
}
2023-05-19 03:13:44,094 p=5373 u=ec2-user n=ansible | PLAY [devserver] ***********************************************************************************************
2023-05-19 03:13:44,109 p=5373 u=ec2-user n=ansible | TASK [Gathering Facts] *****************************************************************************************
2023-05-19 03:13:46,123 p=5373 u=ec2-user n=ansible | ok: [3.85.56.80]
2023-05-19 03:13:46,183 p=5373 u=ec2-user n=ansible | TASK [Creating user] *******************************************************************************************
2023-05-19 03:13:46,820 p=5373 u=ec2-user n=ansible | ok: [3.85.56.80]
2023-05-19 03:13:46,850 p=5373 u=ec2-user n=ansible | PLAY RECAP *****************************************************************************************************
2023-05-19 03:13:46,850 p=5373 u=ec2-user n=ansible | 3.85.56.80                 : ok=2    changed=0    unreachable=0    failed=0    skipped=0    rescued=0    ignored=0   
2023-05-19 03:16:42,113 p=5408 u=ec2-user n=ansible | PLAY [devserver] ***********************************************************************************************
2023-05-19 03:16:42,128 p=5408 u=ec2-user n=ansible | TASK [Gathering Facts] *****************************************************************************************
2023-05-19 03:16:44,172 p=5408 u=ec2-user n=ansible | ok: [3.85.56.80]
2023-05-19 03:16:44,198 p=5408 u=ec2-user n=ansible | TASK [Creating user] *******************************************************************************************
2023-05-19 03:16:44,932 p=5408 u=ec2-user n=ansible | ok: [3.85.56.80]
2023-05-19 03:16:44,976 p=5408 u=ec2-user n=ansible | PLAY RECAP *****************************************************************************************************
2023-05-19 03:16:44,976 p=5408 u=ec2-user n=ansible | 3.85.56.80                 : ok=2    changed=0    unreachable=0    failed=0    skipped=0    rescued=0    ignored=0   
2023-05-19 03:32:08,604 p=5518 u=ec2-user n=ansible | ERROR! We were unable to read either as JSON nor YAML, these are the errors we got from each:
JSON: Expecting value: line 1 column 1 (char 0)

Syntax Error while loading YAML.
  could not find expected ':'

The error appears to be in '/home/ec2-user/play.yml': line 28, column 13, but may
be elsewhere in the file depending on the exact syntax problem.

The offending line appears to be:

      package
        name: finger
            ^ here

2023-05-19 03:34:13,429 p=5525 u=ec2-user n=ansible | playbook: play.yml
2023-05-19 03:34:40,206 p=5531 u=ec2-user n=ansible | PLAY [devserver] ***********************************************************************************************
2023-05-19 03:34:40,221 p=5531 u=ec2-user n=ansible | TASK [Gathering Facts] *****************************************************************************************
2023-05-19 03:34:42,198 p=5531 u=ec2-user n=ansible | ok: [3.85.56.80]
2023-05-19 03:34:42,252 p=5531 u=ec2-user n=ansible | TASK [Creating user] *******************************************************************************************
2023-05-19 03:34:42,897 p=5531 u=ec2-user n=ansible | ok: [3.85.56.80]
2023-05-19 03:34:42,912 p=5531 u=ec2-user n=ansible | TASK [create file] *********************************************************************************************
2023-05-19 03:34:43,335 p=5531 u=ec2-user n=ansible | changed: [3.85.56.80]
2023-05-19 03:34:43,347 p=5531 u=ec2-user n=ansible | TASK [Create directory] ****************************************************************************************
2023-05-19 03:34:43,653 p=5531 u=ec2-user n=ansible | changed: [3.85.56.80]
2023-05-19 03:34:43,666 p=5531 u=ec2-user n=ansible | TASK [install apache] ******************************************************************************************
2023-05-19 03:34:52,318 p=5531 u=ec2-user n=ansible | changed: [3.85.56.80]
2023-05-19 03:34:52,333 p=5531 u=ec2-user n=ansible | TASK [install finger] ******************************************************************************************
2023-05-19 03:34:59,264 p=5531 u=ec2-user n=ansible | changed: [3.85.56.80]
2023-05-19 03:34:59,294 p=5531 u=ec2-user n=ansible | PLAY RECAP *****************************************************************************************************
2023-05-19 03:34:59,294 p=5531 u=ec2-user n=ansible | 3.85.56.80                 : ok=6    changed=4    unreachable=0    failed=0    skipped=0    rescued=0    ignored=0   
2023-05-19 03:43:40,406 p=5655 u=ec2-user n=ansible | PLAY [devserver] ***********************************************************************************************
2023-05-19 03:43:40,421 p=5655 u=ec2-user n=ansible | TASK [Gathering Facts] *****************************************************************************************
2023-05-19 03:43:42,460 p=5655 u=ec2-user n=ansible | ok: [3.85.56.80]
2023-05-19 03:43:42,518 p=5655 u=ec2-user n=ansible | TASK [Creating user] *******************************************************************************************
2023-05-19 03:43:43,205 p=5655 u=ec2-user n=ansible | ok: [3.85.56.80]
2023-05-19 03:43:43,219 p=5655 u=ec2-user n=ansible | TASK [create file] *********************************************************************************************
2023-05-19 03:43:43,642 p=5655 u=ec2-user n=ansible | changed: [3.85.56.80]
2023-05-19 03:43:43,655 p=5655 u=ec2-user n=ansible | TASK [Create directory] ****************************************************************************************
2023-05-19 03:43:43,931 p=5655 u=ec2-user n=ansible | ok: [3.85.56.80]
2023-05-19 03:43:43,944 p=5655 u=ec2-user n=ansible | TASK [install apache] ******************************************************************************************
2023-05-19 03:43:44,981 p=5655 u=ec2-user n=ansible | ok: [3.85.56.80]
2023-05-19 03:43:44,996 p=5655 u=ec2-user n=ansible | TASK [install finger] ******************************************************************************************
2023-05-19 03:43:45,836 p=5655 u=ec2-user n=ansible | ok: [3.85.56.80]
2023-05-19 03:43:45,867 p=5655 u=ec2-user n=ansible | PLAY RECAP *****************************************************************************************************
2023-05-19 03:43:45,867 p=5655 u=ec2-user n=ansible | 3.85.56.80                 : ok=6    changed=1    unreachable=0    failed=0    skipped=0    rescued=0    ignored=0   
